#
# Executing : PSPMequi("StageStructuredBiomass_GW_Calanus_max_ingestion_temp_dependent_V5_11_15_2023", "EQ", c(273.15, NAN(SNAN), NAN(SNAN)), 0.1, c(3, 273.15, 305), c(0.001, 2000, 0.096, 273.15, 0.57, 0.55, 0.46, 0.5, 11.26, 285.65, 0, 0, 2, 3.94, 8.617E-05, 0.75, 285.65, 0.7, 83, 0.999997, 0.009683, 0.9894, 288.15, 0.0263197, 0.249235, 0.821195, 286.953, 2.30355, 0.7031, 288.15, 0.000169339, 0.35064, 0.88576, 0.01603, 288.15, 3.6577, 0.3307, 286.953, 1.3366, -0.092, 288.15, 11.5922, 0.75816, 275.15, 0.75, 265.072, 281.15), NULL, NULL, NULL)
#
# Parameter values  : 
#
# 	Delta     :  0.001        	Rmax      :  2000         	A_hat     :  0.096        
# 	Temp      :  273.15       	E_mu      :  0.57         	E_M       :  0.55         
# 	E_I       :  0.46         	E_Delta   :  0.5          	Im        :  11.26        
# 	t0_Im     :  285.65       	cI        :  0            	cM        :  0            
# 	Lambda1   :  2            	Lamda2    :  3.94         	k         :  8.617E-05    
# 	alpha     :  0.75         	t0        :  285.65       	sigma     :  0.7          
# 	Mopt      :  83           	gamma1    :  0.999997     	gamma2    :  0.009683     
# 	gamma3    :  0.9894       	t0_gamma  :  288.15       	theta1    :  0.0263197    
# 	theta2    :  0.249235     	theta3    :  0.821195     	t0_theta  :  286.953      
# 	epsi1     :  2.30355      	epsi2     :  0.7031       	t0_epsi   :  288.15       
# 	epsilon1  :  0.000169339  	epsilon2  :  0.35064      	epsilon3  :  0.88576      
# 	epsilon4  :  0.01603      	t0_epsilon:  288.15       	omega1    :  3.6577       
# 	omega2    :  0.3307       	t0_omega  :  286.953      	phi1      :  1.3366       
# 	phi2      :  -0.092       	t0_phi    :  288.15       	rho1      :  11.5922      
# 	rho2      :  0.75816      	t0_rho    :  275.15       	mh        :  0.75         
# 	mj        :  265.072      	t0_Delta  :  281.15       
#
# Index and name of bifurcation parameter #1                   : 3 (Temp)
#
#         1:Temp          2:E[0]          3:b[0]       4:I[0][0]       5:I[0][1]       6:I[0][2]       7:I[0][3]       8:I[0][4]       9:I[0][5]      10:I[0][6]      11:I[0][7]        12:R0[0]     13:RHS norm
