
Locating new solution point
Start:	 1.00000E+00	 1.00000E+00	dY  norm:  0.00000E+00	RHS norm:  0.00000E+00
New solution point found

New point :	  1.00000000E+00    1.00000000E+00  

Computing curve direction     .....Ok!

Tangent vector in component   0: 0.70710678
Targeted  step in component   0: 1.0606602
Realized  step in component   0: 1.0606602

************************************************************************************************************

Prediction :	  2.06066017E+00    2.06066017E+00  

Locating new solution point
Start:	 2.06066E+00	 2.06066E+00	dY  norm:  0.00000E+00	RHS norm:  0.00000E+00
New solution point found

New point :	  2.06066017E+00    2.06066017E+00  

Computing curve direction     .....Ok!

Tangent vector in component   0: 0.70710678
Targeted  step in component   0: 1.0606602
Realized  step in component   0: 1.0606602

************************************************************************************************************

Prediction :	  3.12132034E+00    3.12132034E+00  

Locating new solution point
Start:	 3.12132E+00	 3.12132E+00	dY  norm:  0.00000E+00	RHS norm:  0.00000E+00
New solution point found

New point :	  3.12132034E+00    3.12132034E+00  

Computing curve direction     .....Ok!

Tangent vector in component   0: 0.70710678
Targeted  step in component   0: 1.5909903
Realized  step in component   0: 1.0606602

************************************************************************************************************

Prediction :	  4.18198052E+00    4.18198052E+00  

Locating new solution point
Start:	 4.18198E+00	 4.18198E+00	dY  norm:  0.00000E+00	RHS norm:  0.00000E+00
New solution point found

New point :	  4.18198052E+00    4.18198052E+00  

Computing curve direction     .....Ok!

Tangent vector in component   0: 0.70710678
Targeted  step in component   0: 1.0606602
Realized  step in component   0: 1.0606602

************************************************************************************************************

Prediction :	  5.24264069E+00    5.24264069E+00  

Locating new solution point
Start:	 5.24264E+00	 5.24264E+00	dY  norm:  0.00000E+00	RHS norm:  0.00000E+00
New solution point found

New point :	  5.24264069E+00    5.24264069E+00  

Computing curve direction     .....Ok!

Tangent vector in component   0: 0.70710678
Targeted  step in component   0: 1.5909903
Realized  step in component   0: 1.0606602

************************************************************************************************************

Prediction :	  6.30330086E+00    6.30330086E+00  

Locating new solution point
Start:	 6.30330E+00	 6.30330E+00	dY  norm:  0.00000E+00	RHS norm:  0.00000E+00
New solution point found

New point :	  6.30330086E+00    6.30330086E+00  

Computing curve direction     .....Ok!

Tangent vector in component   0: 0.70710678
Targeted  step in component   0: 1.0606602
Realized  step in component   0: 1.0606602

************************************************************************************************************

Prediction :	  7.36396103E+00    7.36396103E+00  

Locating new solution point
Start:	 7.36396E+00	 7.36396E+00	dY  norm:  0.00000E+00	RHS norm:  0.00000E+00
New solution point found

New point :	  7.36396103E+00    7.36396103E+00  

Computing curve direction     .....Ok!

Tangent vector in component   0: 0.70710678
Targeted  step in component   0: 1.5909903
Realized  step in component   0: 1.0606602

************************************************************************************************************

Prediction :	  8.42462120E+00    8.42462120E+00  

Locating new solution point
Start:	 8.42462E+00	 8.42462E+00	dY  norm:  0.00000E+00	RHS norm:  0.00000E+00
New solution point found

New point :	  8.42462120E+00    8.42462120E+00  

Computing curve direction     .....Ok!

Tangent vector in component   0: 0.70710678
Targeted  step in component   0: 1.0606602
Realized  step in component   0: 1.0606602

************************************************************************************************************

Prediction :	  9.48528137E+00    9.48528137E+00  

Locating new solution point
Start:	 9.48528E+00	 9.48528E+00	dY  norm:  0.00000E+00	RHS norm:  0.00000E+00
New solution point found

New point :	  9.48528137E+00    9.48528137E+00  

Computing curve direction     .....Ok!

Tangent vector in component   0: 0.70710678
Targeted  step in component   0: 1.5909903
Realized  step in component   0: 1.0606602

************************************************************************************************************

Prediction :	  1.05459415E+01    1.05459415E+01  

Locating new solution point
Start:	 1.05459E+01	 1.05459E+01	dY  norm:  0.00000E+00	RHS norm:  0.00000E+00
New solution point found

New point :	  1.05459415E+01    1.05459415E+01  

Computing curve direction     .....Ok!

Tangent vector in component   0: 0.70710678
Targeted  step in component   0: 1.0606602
Realized  step in component   0: 1.0606602

************************************************************************************************************

Prediction :	  1.16066017E+01    1.16066017E+01  

Locating new solution point
Start:	 1.16066E+01	 1.16066E+01	dY  norm:  0.00000E+00	RHS norm:  0.00000E+00
New solution point found

New point :	  1.16066017E+01    1.16066017E+01  

Computing curve direction     .....Ok!

Tangent vector in component   0: 0.70710678
Targeted  step in component   0: 1.5909903
Realized  step in component   0: 1.0606602

************************************************************************************************************

Prediction :	  1.26672619E+01    1.26672619E+01  

Locating new solution point
Start:	 1.26673E+01	 1.26673E+01	dY  norm:  0.00000E+00	RHS norm:  0.00000E+00
New solution point found

New point :	  1.26672619E+01    1.26672619E+01  

Computing curve direction     .....Ok!


Variable 2 rescaled!

Computing curve direction     .....Ok!

************************************************************************************************************

Prediction :	  1.26672619E+01    1.26672619E+01  

Locating new solution point
Start:	 1.26673E+01	 1.26673E+01	dY  norm:  0.00000E+00	RHS norm:  0.00000E+00
New solution point found

New point :	  1.26672619E+01    1.26672619E+01  

Computing curve direction     .....Ok!

Tangent vector in component   0: 0.70710678
Targeted  step in component   0: 1.0606602
Realized  step in component   0: 1.0606602

************************************************************************************************************

Prediction :	  2.32738636E+01    2.32738636E+01  

Locating new solution point
Start:	 2.32739E+01	 2.32739E+01	dY  norm:  0.00000E+00	RHS norm:  0.00000E+00
New solution point found

New point :	  2.32738636E+01    2.32738636E+01  

Computing curve direction     .....Ok!

Tangent vector in component   0: 0.70710678
Targeted  step in component   0: 1.5909903
Realized  step in component   0: 1.0606602

************************************************************************************************************

Prediction :	  3.38804653E+01    3.38804653E+01  

Locating new solution point
Start:	 3.38805E+01	 3.38805E+01	dY  norm:  0.00000E+00	RHS norm:  0.00000E+00
New solution point found

New point :	  3.38804653E+01    3.38804653E+01  

Computing curve direction     .....Ok!

Tangent vector in component   0: 0.70710678
Targeted  step in component   0: 1.0606602
Realized  step in component   0: 1.0606602

************************************************************************************************************

Prediction :	  4.44870670E+01    4.44870670E+01  

Locating new solution point
Start:	 4.44871E+01	 4.44871E+01	dY  norm:  0.00000E+00	RHS norm:  0.00000E+00
New solution point found

New point :	  4.44870670E+01    4.44870670E+01  

Computing curve direction     .....Ok!

Tangent vector in component   0: 0.70710678
Targeted  step in component   0: 1.5909903
Realized  step in component   0: 1.0606602

************************************************************************************************************

Prediction :	  5.50936688E+01    5.50936688E+01  

Locating new solution point
Start:	 5.50937E+01	 5.50937E+01	dY  norm:  0.00000E+00	RHS norm:  0.00000E+00
New solution point found

New point :	  5.50936688E+01    5.50936688E+01  

Computing curve direction     .....Ok!

Tangent vector in component   0: 0.70710678
Targeted  step in component   0: 1.0606602
Realized  step in component   0: 1.0606602

************************************************************************************************************

Prediction :	  6.57002705E+01    6.57002705E+01  

Locating new solution point
Start:	 6.57003E+01	 6.57003E+01	dY  norm:  0.00000E+00	RHS norm:  0.00000E+00
New solution point found

New point :	  6.57002705E+01    6.57002705E+01  

Computing curve direction     .....Ok!

Tangent vector in component   0: 0.70710678
Targeted  step in component   0: 1.5909903
Realized  step in component   0: 1.0606602

************************************************************************************************************

Prediction :	  7.63068722E+01    7.63068722E+01  

Locating new solution point
Start:	 7.63069E+01	 7.63069E+01	dY  norm:  0.00000E+00	RHS norm:  0.00000E+00
New solution point found

New point :	  7.63068722E+01    7.63068722E+01  

Computing curve direction     .....Ok!

Tangent vector in component   0: 0.70710678
Targeted  step in component   0: 1.0606602
Realized  step in component   0: 1.0606602

************************************************************************************************************

Prediction :	  8.69134739E+01    8.69134739E+01  

Locating new solution point
Start:	 8.69135E+01	 8.69135E+01	dY  norm:  0.00000E+00	RHS norm:  0.00000E+00
New solution point found

New point :	  8.69134739E+01    8.69134739E+01  

Computing curve direction     .....Ok!

Tangent vector in component   0: 0.70710678
Targeted  step in component   0: 1.5909903
Realized  step in component   0: 1.0606602

************************************************************************************************************

Prediction :	  9.75200756E+01    9.75200756E+01  

Locating new solution point
Start:	 9.75201E+01	 9.75201E+01	dY  norm:  0.00000E+00	RHS norm:  0.00000E+00
New solution point found

New point :	  9.75200756E+01    9.75200756E+01  

Computing curve direction     .....Ok!

Tangent vector in component   0: 0.70710678
Targeted  step in component   0: 1.0606602
Realized  step in component   0: 1.0606602

************************************************************************************************************

Prediction :	  1.08126677E+02    1.08126677E+02  

Locating new solution point
Start:	 1.08127E+02	 1.08127E+02	dY  norm:  0.00000E+00	RHS norm:  0.00000E+00
New solution point found

New point :	  1.08126677E+02    1.08126677E+02  

Computing curve direction     .....Ok!

Tangent vector in component   0: 0.70710678
Targeted  step in component   0: 1.5909903
Realized  step in component   0: 1.0606602

************************************************************************************************************

Prediction :	  1.18733279E+02    1.18733279E+02  

Locating new solution point
Start:	 1.18733E+02	 1.18733E+02	dY  norm:  0.00000E+00	RHS norm:  0.00000E+00
New solution point found

New point :	  1.18733279E+02    1.18733279E+02  

Computing curve direction     .....Ok!

Tangent vector in component   0: 0.70710678
Targeted  step in component   0: 1.0606602
Realized  step in component   0: 1.0606602

************************************************************************************************************

Prediction :	  1.29339881E+02    1.29339881E+02  

Locating new solution point
Start:	 1.29340E+02	 1.29340E+02	dY  norm:  0.00000E+00	RHS norm:  0.00000E+00
New solution point found

New point :	  1.29339881E+02    1.29339881E+02  

Computing curve direction     .....Ok!


Variable 2 rescaled!

Computing curve direction     .....Ok!

************************************************************************************************************

Prediction :	  1.29339881E+02    1.29339881E+02  

Locating new solution point
Start:	 1.29340E+02	 1.29340E+02	dY  norm:  0.00000E+00	RHS norm:  0.00000E+00
New solution point found

New point :	  1.29339881E+02    1.29339881E+02  

Computing curve direction     .....Ok!

Tangent vector in component   0: 0.70710678
Targeted  step in component   0: 1.5909903
Realized  step in component   0: 1.0606602

************************************************************************************************************

Prediction :	  2.35405898E+02    2.35405898E+02  

Locating new solution point
Start:	 2.35406E+02	 2.35406E+02	dY  norm:  0.00000E+00	RHS norm:  0.00000E+00
New solution point found

New point :	  2.35405898E+02    2.35405898E+02  

Computing curve direction     .....Ok!

Tangent vector in component   0: 0.70710678
Targeted  step in component   0: 1.0606602
Realized  step in component   0: 1.0606602

************************************************************************************************************

Prediction :	  3.41471915E+02    3.41471915E+02  

Locating new solution point
Start:	 3.41472E+02	 3.41472E+02	dY  norm:  0.00000E+00	RHS norm:  0.00000E+00
New solution point found

New point :	  3.41471915E+02    3.41471915E+02  

Computing curve direction     .....Ok!

Tangent vector in component   0: 0.70710678
Targeted  step in component   0: 1.5909903
Realized  step in component   0: 1.0606602

************************************************************************************************************

Prediction :	  4.47537932E+02    4.47537932E+02  

Locating new solution point
Start:	 4.47538E+02	 4.47538E+02	dY  norm:  0.00000E+00	RHS norm:  0.00000E+00
New solution point found

New point :	  4.47537932E+02    4.47537932E+02  

Computing curve direction     .....Ok!

Tangent vector in component   0: 0.70710678
Targeted  step in component   0: 1.0606602
Realized  step in component   0: 1.0606602

************************************************************************************************************

Prediction :	  5.53603949E+02    5.53603949E+02  

Locating new solution point
Start:	 5.53604E+02	 5.53604E+02	dY  norm:  0.00000E+00	RHS norm:  0.00000E+00
New solution point found

New point :	  5.53603949E+02    5.53603949E+02  

Computing curve direction     .....Ok!

Tangent vector in component   0: 0.70710678
Targeted  step in component   0: 1.5909903
Realized  step in component   0: 1.0606602

************************************************************************************************************

Prediction :	  6.59669967E+02    6.59669967E+02  

Locating new solution point
Start:	 6.59670E+02	 6.59670E+02	dY  norm:  0.00000E+00	RHS norm:  0.00000E+00
New solution point found

New point :	  6.59669967E+02    6.59669967E+02  

Computing curve direction     